[2.444s] Invoking command in '/root/racecar_ws/src/Lab3/build/wall_follower': PYTHONPATH=/root/racecar_ws/src/Lab3/build/wall_follower/prefix_override:/usr/lib/python3/dist-packages/colcon_core/task/python/colcon_distutils_commands:/root/racecar_ws/src/Lab3/install/wall_follower/lib/python3.10/site-packages:${PYTHONPATH} /usr/bin/python3 -W ignore:setup.py install is deprecated -W ignore:easy_install command is deprecated setup.py develop --editable --build-directory /root/racecar_ws/src/Lab3/build/wall_follower/build --no-deps symlink_data
[3.044s] running develop
[3.194s] /usr/lib/python3/dist-packages/pkg_resources/__init__.py:116: PkgResourcesDeprecationWarning: 2.0.5-build-libtorrent-rasterbar-QyJODx-libtorrent-rasterbar-2.0.5-bindings-python is an invalid version and will not be supported in a future release
[3.194s]   warnings.warn(
[3.489s] running egg_info
[3.490s] creating wall_follower.egg-info
[3.490s] writing wall_follower.egg-info/PKG-INFO
[3.491s] writing dependency_links to wall_follower.egg-info/dependency_links.txt
[3.491s] writing entry points to wall_follower.egg-info/entry_points.txt
[3.492s] writing requirements to wall_follower.egg-info/requires.txt
[3.492s] writing top-level names to wall_follower.egg-info/top_level.txt
[3.492s] writing manifest file 'wall_follower.egg-info/SOURCES.txt'
[3.496s] reading manifest file 'wall_follower.egg-info/SOURCES.txt'
[3.497s] writing manifest file 'wall_follower.egg-info/SOURCES.txt'
[3.581s] running build_ext
[3.581s] Creating /root/racecar_ws/src/Lab3/install/wall_follower/lib/python3.10/site-packages/wall-follower.egg-link (link to .)
[3.583s] Installing test_wall_follower script to /root/racecar_ws/src/Lab3/install/wall_follower/lib/wall_follower
[3.584s] Installing viz_example script to /root/racecar_ws/src/Lab3/install/wall_follower/lib/wall_follower
[3.584s] Installing wall_follower script to /root/racecar_ws/src/Lab3/install/wall_follower/lib/wall_follower
[3.585s] 
[3.585s] Installed /root/racecar_ws/src/Lab3/build/wall_follower
[3.585s] running symlink_data
[3.586s] symbolically linking /root/racecar_ws/src/Lab3/build/wall_follower/package.xml -> /root/racecar_ws/src/Lab3/install/wall_follower/share/wall_follower
[3.586s] symbolically linking /root/racecar_ws/src/Lab3/build/wall_follower/wall_follower/params.yaml -> /root/racecar_ws/src/Lab3/install/wall_follower/share/wall_follower
[3.586s] creating /root/racecar_ws/src/Lab3/install/wall_follower/share/ament_index
[3.587s] creating /root/racecar_ws/src/Lab3/install/wall_follower/share/ament_index/resource_index
[3.587s] creating /root/racecar_ws/src/Lab3/install/wall_follower/share/ament_index/resource_index/packages
[3.587s] symbolically linking /root/racecar_ws/src/Lab3/build/wall_follower/resource/wall_follower -> /root/racecar_ws/src/Lab3/install/wall_follower/share/ament_index/resource_index/packages
[3.587s] creating /root/racecar_ws/src/Lab3/install/wall_follower/share/wall_follower/launch
[3.588s] symbolically linking /root/racecar_ws/src/Lab3/build/wall_follower/launch/wall_follower.launch.xml -> /root/racecar_ws/src/Lab3/install/wall_follower/share/wall_follower/launch
[3.588s] symbolically linking /root/racecar_ws/src/Lab3/build/wall_follower/launch/launch_test.launch.py -> /root/racecar_ws/src/Lab3/install/wall_follower/share/wall_follower/launch
[3.588s] symbolically linking /root/racecar_ws/src/Lab3/build/wall_follower/launch/launch_test_sim.launch.py -> /root/racecar_ws/src/Lab3/install/wall_follower/share/wall_follower/launch
[3.689s] Invoked command in '/root/racecar_ws/src/Lab3/build/wall_follower' returned '0': PYTHONPATH=/root/racecar_ws/src/Lab3/build/wall_follower/prefix_override:/usr/lib/python3/dist-packages/colcon_core/task/python/colcon_distutils_commands:/root/racecar_ws/src/Lab3/install/wall_follower/lib/python3.10/site-packages:${PYTHONPATH} /usr/bin/python3 -W ignore:setup.py install is deprecated -W ignore:easy_install command is deprecated setup.py develop --editable --build-directory /root/racecar_ws/src/Lab3/build/wall_follower/build --no-deps symlink_data
