[0.809s] Invoking command in '/home/racecar/racecar_ws/src/lab3/build/safety_controller': PYTHONPATH=/home/racecar/racecar_ws/src/lab3/build/safety_controller/prefix_override:/usr/lib/python3/dist-packages/colcon_core/task/python/colcon_distutils_commands:/home/racecar/racecar_ws/src/lab3/install/safety_controller/lib/python3.10/site-packages:${PYTHONPATH} /usr/bin/python3 -W ignore:setup.py install is deprecated -W ignore:easy_install command is deprecated setup.py develop --editable --build-directory /home/racecar/racecar_ws/src/lab3/build/safety_controller/build --no-deps symlink_data
[1.052s] running develop
[1.208s] running egg_info
[1.209s] creating safety_controller.egg-info
[1.209s] writing safety_controller.egg-info/PKG-INFO
[1.211s] writing dependency_links to safety_controller.egg-info/dependency_links.txt
[1.212s] writing entry points to safety_controller.egg-info/entry_points.txt
[1.213s] writing requirements to safety_controller.egg-info/requires.txt
[1.214s] writing top-level names to safety_controller.egg-info/top_level.txt
[1.215s] writing manifest file 'safety_controller.egg-info/SOURCES.txt'
[1.218s] reading manifest file 'safety_controller.egg-info/SOURCES.txt'
[1.223s] writing manifest file 'safety_controller.egg-info/SOURCES.txt'
[1.255s] running build_ext
[1.258s] Creating /home/racecar/racecar_ws/src/lab3/install/safety_controller/lib/python3.10/site-packages/safety-controller.egg-link (link to .)
[1.260s] Installing safety_controller script to /home/racecar/racecar_ws/src/lab3/install/safety_controller/lib/safety_controller
[1.261s] 
[1.261s] Installed /home/racecar/racecar_ws/src/lab3/build/safety_controller
[1.261s] running symlink_data
[1.262s] symbolically linking /home/racecar/racecar_ws/src/lab3/build/safety_controller/package.xml -> /home/racecar/racecar_ws/src/lab3/install/safety_controller/share/safety_controller
[1.262s] symbolically linking /home/racecar/racecar_ws/src/lab3/build/safety_controller/safety_controller/params.yaml -> /home/racecar/racecar_ws/src/lab3/install/safety_controller/share/safety_controller
[1.263s] creating /home/racecar/racecar_ws/src/lab3/install/safety_controller/share/ament_index
[1.264s] creating /home/racecar/racecar_ws/src/lab3/install/safety_controller/share/ament_index/resource_index
[1.264s] creating /home/racecar/racecar_ws/src/lab3/install/safety_controller/share/ament_index/resource_index/packages
[1.265s] symbolically linking /home/racecar/racecar_ws/src/lab3/build/safety_controller/resource/safety_controller -> /home/racecar/racecar_ws/src/lab3/install/safety_controller/share/ament_index/resource_index/packages
[1.265s] creating /home/racecar/racecar_ws/src/lab3/install/safety_controller/share/safety_controller/launch
[1.265s] symbolically linking /home/racecar/racecar_ws/src/lab3/build/safety_controller/launch/safety_with_wall_follower.launch.xml -> /home/racecar/racecar_ws/src/lab3/install/safety_controller/share/safety_controller/launch
[1.266s] symbolically linking /home/racecar/racecar_ws/src/lab3/build/safety_controller/launch/safety_controller.launch.xml -> /home/racecar/racecar_ws/src/lab3/install/safety_controller/share/safety_controller/launch
[1.291s] Invoked command in '/home/racecar/racecar_ws/src/lab3/build/safety_controller' returned '0': PYTHONPATH=/home/racecar/racecar_ws/src/lab3/build/safety_controller/prefix_override:/usr/lib/python3/dist-packages/colcon_core/task/python/colcon_distutils_commands:/home/racecar/racecar_ws/src/lab3/install/safety_controller/lib/python3.10/site-packages:${PYTHONPATH} /usr/bin/python3 -W ignore:setup.py install is deprecated -W ignore:easy_install command is deprecated setup.py develop --editable --build-directory /home/racecar/racecar_ws/src/lab3/build/safety_controller/build --no-deps symlink_data
