[2.502s] Invoking command in '/root/racecar_ws/src/Lab3/build/safety_controller': PYTHONPATH=/root/racecar_ws/src/Lab3/build/safety_controller/prefix_override:/usr/lib/python3/dist-packages/colcon_core/task/python/colcon_distutils_commands:/root/racecar_ws/src/Lab3/install/safety_controller/lib/python3.10/site-packages:${PYTHONPATH} /usr/bin/python3 -W ignore:setup.py install is deprecated -W ignore:easy_install command is deprecated setup.py develop --editable --build-directory /root/racecar_ws/src/Lab3/build/safety_controller/build --no-deps symlink_data
[3.091s] running develop
[3.235s] /usr/lib/python3/dist-packages/pkg_resources/__init__.py:116: PkgResourcesDeprecationWarning: 2.0.5-build-libtorrent-rasterbar-QyJODx-libtorrent-rasterbar-2.0.5-bindings-python is an invalid version and will not be supported in a future release
[3.235s]   warnings.warn(
[3.529s] running egg_info
[3.529s] creating safety_controller.egg-info
[3.530s] writing safety_controller.egg-info/PKG-INFO
[3.530s] writing dependency_links to safety_controller.egg-info/dependency_links.txt
[3.530s] writing entry points to safety_controller.egg-info/entry_points.txt
[3.531s] writing requirements to safety_controller.egg-info/requires.txt
[3.531s] writing top-level names to safety_controller.egg-info/top_level.txt
[3.531s] writing manifest file 'safety_controller.egg-info/SOURCES.txt'
[3.535s] reading manifest file 'safety_controller.egg-info/SOURCES.txt'
[3.536s] writing manifest file 'safety_controller.egg-info/SOURCES.txt'
[3.620s] running build_ext
[3.621s] Creating /root/racecar_ws/src/Lab3/install/safety_controller/lib/python3.10/site-packages/safety-controller.egg-link (link to .)
[3.623s] Installing safety_controller script to /root/racecar_ws/src/Lab3/install/safety_controller/lib/safety_controller
[3.623s] Installing safety_controller_tester script to /root/racecar_ws/src/Lab3/install/safety_controller/lib/safety_controller
[3.624s] 
[3.624s] Installed /root/racecar_ws/src/Lab3/build/safety_controller
[3.624s] running symlink_data
[3.625s] symbolically linking /root/racecar_ws/src/Lab3/build/safety_controller/package.xml -> /root/racecar_ws/src/Lab3/install/safety_controller/share/safety_controller
[3.625s] symbolically linking /root/racecar_ws/src/Lab3/build/safety_controller/safety_controller/params.yaml -> /root/racecar_ws/src/Lab3/install/safety_controller/share/safety_controller
[3.626s] creating /root/racecar_ws/src/Lab3/install/safety_controller/share/ament_index
[3.626s] creating /root/racecar_ws/src/Lab3/install/safety_controller/share/ament_index/resource_index
[3.626s] creating /root/racecar_ws/src/Lab3/install/safety_controller/share/ament_index/resource_index/packages
[3.626s] symbolically linking /root/racecar_ws/src/Lab3/build/safety_controller/resource/safety_controller -> /root/racecar_ws/src/Lab3/install/safety_controller/share/ament_index/resource_index/packages
[3.627s] creating /root/racecar_ws/src/Lab3/install/safety_controller/share/safety_controller/launch
[3.627s] symbolically linking /root/racecar_ws/src/Lab3/build/safety_controller/launch/safety_controller.launch.xml -> /root/racecar_ws/src/Lab3/install/safety_controller/share/safety_controller/launch
[3.627s] symbolically linking /root/racecar_ws/src/Lab3/build/safety_controller/launch/safety_with_wall_follower.launch.xml -> /root/racecar_ws/src/Lab3/install/safety_controller/share/safety_controller/launch
[3.818s] Invoked command in '/root/racecar_ws/src/Lab3/build/safety_controller' returned '0': PYTHONPATH=/root/racecar_ws/src/Lab3/build/safety_controller/prefix_override:/usr/lib/python3/dist-packages/colcon_core/task/python/colcon_distutils_commands:/root/racecar_ws/src/Lab3/install/safety_controller/lib/python3.10/site-packages:${PYTHONPATH} /usr/bin/python3 -W ignore:setup.py install is deprecated -W ignore:easy_install command is deprecated setup.py develop --editable --build-directory /root/racecar_ws/src/Lab3/build/safety_controller/build --no-deps symlink_data
