[0.775s] Invoking command in '/home/racecar/racecar_ws/src/lab3/build/wall_follower': PYTHONPATH=/home/racecar/racecar_ws/src/lab3/build/wall_follower/prefix_override:/usr/lib/python3/dist-packages/colcon_core/task/python/colcon_distutils_commands:/home/racecar/racecar_ws/src/lab3/install/wall_follower/lib/python3.10/site-packages:${PYTHONPATH} /usr/bin/python3 -W ignore:setup.py install is deprecated -W ignore:easy_install command is deprecated setup.py develop --editable --build-directory /home/racecar/racecar_ws/src/lab3/build/wall_follower/build --no-deps symlink_data
[1.029s] running develop
[1.182s] running egg_info
[1.185s] creating wall_follower.egg-info
[1.186s] writing wall_follower.egg-info/PKG-INFO
[1.188s] writing dependency_links to wall_follower.egg-info/dependency_links.txt
[1.189s] writing entry points to wall_follower.egg-info/entry_points.txt
[1.190s] writing requirements to wall_follower.egg-info/requires.txt
[1.191s] writing top-level names to wall_follower.egg-info/top_level.txt
[1.192s] writing manifest file 'wall_follower.egg-info/SOURCES.txt'
[1.197s] reading manifest file 'wall_follower.egg-info/SOURCES.txt'
[1.202s] writing manifest file 'wall_follower.egg-info/SOURCES.txt'
[1.238s] running build_ext
[1.241s] Creating /home/racecar/racecar_ws/src/lab3/install/wall_follower/lib/python3.10/site-packages/wall-follower.egg-link (link to .)
[1.244s] Installing test_wall_follower script to /home/racecar/racecar_ws/src/lab3/install/wall_follower/lib/wall_follower
[1.245s] Installing viz_example script to /home/racecar/racecar_ws/src/lab3/install/wall_follower/lib/wall_follower
[1.246s] Installing wall_follower script to /home/racecar/racecar_ws/src/lab3/install/wall_follower/lib/wall_follower
[1.247s] 
[1.247s] Installed /home/racecar/racecar_ws/src/lab3/build/wall_follower
[1.247s] running symlink_data
[1.248s] symbolically linking /home/racecar/racecar_ws/src/lab3/build/wall_follower/package.xml -> /home/racecar/racecar_ws/src/lab3/install/wall_follower/share/wall_follower
[1.249s] symbolically linking /home/racecar/racecar_ws/src/lab3/build/wall_follower/wall_follower/params.yaml -> /home/racecar/racecar_ws/src/lab3/install/wall_follower/share/wall_follower
[1.249s] creating /home/racecar/racecar_ws/src/lab3/install/wall_follower/share/ament_index
[1.249s] creating /home/racecar/racecar_ws/src/lab3/install/wall_follower/share/ament_index/resource_index
[1.250s] creating /home/racecar/racecar_ws/src/lab3/install/wall_follower/share/ament_index/resource_index/packages
[1.250s] symbolically linking /home/racecar/racecar_ws/src/lab3/build/wall_follower/resource/wall_follower -> /home/racecar/racecar_ws/src/lab3/install/wall_follower/share/ament_index/resource_index/packages
[1.251s] creating /home/racecar/racecar_ws/src/lab3/install/wall_follower/share/wall_follower/launch
[1.251s] symbolically linking /home/racecar/racecar_ws/src/lab3/build/wall_follower/launch/wall_follower.launch.xml -> /home/racecar/racecar_ws/src/lab3/install/wall_follower/share/wall_follower/launch
[1.252s] symbolically linking /home/racecar/racecar_ws/src/lab3/build/wall_follower/launch/launch_test.launch.py -> /home/racecar/racecar_ws/src/lab3/install/wall_follower/share/wall_follower/launch
[1.253s] symbolically linking /home/racecar/racecar_ws/src/lab3/build/wall_follower/launch/launch_test_sim.launch.py -> /home/racecar/racecar_ws/src/lab3/install/wall_follower/share/wall_follower/launch
[1.294s] Invoked command in '/home/racecar/racecar_ws/src/lab3/build/wall_follower' returned '0': PYTHONPATH=/home/racecar/racecar_ws/src/lab3/build/wall_follower/prefix_override:/usr/lib/python3/dist-packages/colcon_core/task/python/colcon_distutils_commands:/home/racecar/racecar_ws/src/lab3/install/wall_follower/lib/python3.10/site-packages:${PYTHONPATH} /usr/bin/python3 -W ignore:setup.py install is deprecated -W ignore:easy_install command is deprecated setup.py develop --editable --build-directory /home/racecar/racecar_ws/src/lab3/build/wall_follower/build --no-deps symlink_data
